<?xml version="1.0" encoding="UTF-8"?>
<!-- Generated by org.testng.reporters.JUnitReportReporter -->
<testsuite hostname="ojt29-PC" name="DriverPackage.AppTest" tests="1" failures="0" timestamp="23 Oct 2019 04:34:15 GMT" time="28.018" errors="0">
  <testcase name="ERP_Start" time="28.018" classname="DriverPackage.AppTest"/>
</testsuite> <!-- DriverPackage.AppTest -->
