<?xml version="1.0" encoding="UTF-8"?>
<!-- Generated by org.testng.reporters.JUnitReportReporter -->
<testsuite hostname="ojt29-PC" name="DriverPackage.DatadrivenFramework" tests="1" failures="0" timestamp="24 Oct 2019 05:39:33 GMT" time="137.459" errors="0">
  <testcase name="supplierscreation" time="137.459" classname="DriverPackage.DatadrivenFramework"/>
</testsuite> <!-- DriverPackage.DatadrivenFramework -->
